#
# A fatal error has been detected by the Java Runtime Environment:
#
#  EXCEPTION_ACCESS_VIOLATION (0xc0000005) at pc=0x000007feed456e9d, pid=5596, tid=4872
#
# JRE version: 7.0-b147
# Java VM: Java HotSpot(TM) 64-Bit Server VM (21.0-b17 mixed mode windows-amd64 compressed oops)
# Problematic frame:
# C  0x000007feed456e9d
#
# Failed to write core dump. Minidumps are not enabled by default on client versions of Windows
#
# If you would like to submit a bug report, please visit:
#   http://bugreport.sun.com/bugreport/crash.jsp
# The crash happened outside the Java Virtual Machine in native code.
# See problematic frame for where to report the bug.
#

---------------  T H R E A D  ---------------

Current thread (0x00000000021cb800):  JavaThread "main" [_thread_in_native, id=4872, stack(0x00000000024b0000,0x00000000025b0000)]

siginfo: ExceptionCode=0xc0000005, ExceptionInformation=0x0000000000000008 0x000007feed456e9d

Registers:
RAX=0x0000000000000000, RBX=0x0000000008f21308, RCX=0x0000000077315c3a, RDX=0x0000000000000000
RSP=0x00000000025aec80, RBP=0x0000000000010001, RSI=0x0000000000000000, RDI=0x0000000008f21300
R8 =0x00000000025aec78, R9 =0x0000000000010001, R10=0x0000000000000000, R11=0x0000000000000246
R12=0x0000000000000000, R13=0x00000006fb960958, R14=0x00000000025aee10, R15=0x00000000021cb800
RIP=0x000007feed456e9d, EFLAGS=0x0000000000010246

Top of Stack: (sp=0x00000000025aec80)
0x00000000025aec80:   fffffffffffffffe 00000000025aee10
0x00000000025aec90:   00000006fb960958 0000000000000000
0x00000000025aeca0:   0000000008f21358 0000000000010001
0x00000000025aecb0:   0000000008f21300 000007feed476f5e
0x00000000025aecc0:   0000000008f21308 0000000000000000
0x00000000025aecd0:   fffffffffffffffe 00000006fb588931
0x00000000025aece0:   0000000000000001 000000006a16b4e0
0x00000000025aecf0:   0000000000000000 00000000085d09b0
0x00000000025aed00:   00000000025aee10 00000000025aed20
0x00000000025aed10:   0000000000000000 000000006a170ae4
0x00000000025aed20:   00000000085d36d0 0000000000000000
0x00000000025aed30:   0000000000000190 00000007ac00a220
0x00000000025aed40:   0000000000000190 00000000025c21e9
0x00000000025aed50:   00000006fb960958 00000000025aedd8
0x00000000025aed60:   00000000df6405b4 00000006fb588858
0x00000000025aed70:   0000000000000190 00000000025aed90 

Instructions: (pc=0x000007feed456e9d)
0x000007feed456e7d:   
[error occurred during error reporting (printing registers, top of stack, instructions near pc), id 0xc0000005]

Register to memory mapping:

RAX=0x0000000000000000 is an unknown value
RBX=0x0000000008f21308 is an unknown value
RCX=0x0000000077315c3a is an unknown value
RDX=0x0000000000000000 is an unknown value
RSP=0x00000000025aec80 is pointing into the stack for thread: 0x00000000021cb800
RBP=0x0000000000010001 is an unknown value
RSI=0x0000000000000000 is an unknown value
RDI=0x0000000008f21300 is an unknown value
R8 =0x00000000025aec78 is pointing into the stack for thread: 0x00000000021cb800
R9 =0x0000000000010001 is an unknown value
R10=0x0000000000000000 is an unknown value
R11=0x0000000000000246 is an unknown value
R12=0x0000000000000000 is an unknown value
R13=0x00000006fb960958 is an oop
{method} 
 - klass: {other class}
R14=0x00000000025aee10 is pointing into the stack for thread: 0x00000000021cb800
R15=0x00000000021cb800 is a thread


Stack: [0x00000000024b0000,0x00000000025b0000],  sp=0x00000000025aec80,  free space=1019k
Native frames: (J=compiled Java code, j=interpreted, Vv=VM code, C=native code)
C  0x000007feed456e9d

Java frames: (J=compiled Java code, j=interpreted, Vv=VM code)
j  sun.java2d.d3d.D3DSurfaceData.initOps(III)V+0
j  sun.java2d.d3d.D3DSurfaceData.<init>(Lsun/awt/windows/WComponentPeer;Lsun/java2d/d3d/D3DGraphicsConfig;IILjava/awt/Image;Ljava/awt/image/ColorModel;IILsun/java2d/pipe/hw/ExtendedBufferCapabilities$VSyncType;I)V+76
j  sun.java2d.d3d.D3DSurfaceData.createData(Lsun/awt/windows/WComponentPeer;Ljava/awt/Image;)Lsun/java2d/d3d/D3DSurfaceData;+117
j  sun.java2d.d3d.D3DVolatileSurfaceManager.initAcceleratedSurface()Lsun/java2d/SurfaceData;+59
j  sun.java2d.d3d.D3DVolatileSurfaceManager.restoreAcceleratedSurface()V+62
j  sun.awt.image.VolatileSurfaceManager.validate(Ljava/awt/GraphicsConfiguration;)I+94
j  sun.awt.image.SunVolatileImage.validate(Ljava/awt/GraphicsConfiguration;)I+5
j  java.awt.Component$FlipBufferStrategy.revalidate(Z)V+82
j  java.awt.Component$FlipBufferStrategy.revalidate()V+2
j  java.awt.Component$FlipBufferStrategy.getDrawGraphics()Ljava/awt/Graphics;+1
j  mainGame.SimpleWindowedGame.main([Ljava/lang/String;)V+308
v  ~StubRoutines::call_stub

---------------  P R O C E S S  ---------------

Java Threads: ( => current thread )
  0x000000000bfaa800 JavaThread "Thread-0" daemon [_thread_in_native, id=5064, stack(0x000000000b830000,0x000000000b930000)]
  0x000000000899e800 JavaThread "Client" [_thread_in_native, id=1232, stack(0x000000000b4a0000,0x000000000b5a0000)]
  0x0000000008962800 JavaThread "AWT-EventQueue-0" [_thread_blocked, id=4584, stack(0x000000000baf0000,0x000000000bbf0000)]
  0x0000000008615000 JavaThread "AWT-Shutdown" [_thread_blocked, id=1808, stack(0x0000000008b30000,0x0000000008c30000)]
  0x0000000008614800 JavaThread "Java2D Disposer" daemon [_thread_blocked, id=5432, stack(0x0000000008280000,0x0000000008380000)]
  0x000000000704d800 JavaThread "Service Thread" daemon [_thread_blocked, id=5280, stack(0x0000000008380000,0x0000000008480000)]
  0x0000000007031800 JavaThread "C2 CompilerThread1" daemon [_thread_blocked, id=5624, stack(0x00000000080f0000,0x00000000081f0000)]
  0x000000000702a000 JavaThread "C2 CompilerThread0" daemon [_thread_blocked, id=5860, stack(0x0000000007fa0000,0x00000000080a0000)]
  0x0000000007025000 JavaThread "Attach Listener" daemon [_thread_blocked, id=3936, stack(0x0000000007e90000,0x0000000007f90000)]
  0x0000000007024000 JavaThread "Signal Dispatcher" daemon [_thread_blocked, id=5832, stack(0x0000000007c40000,0x0000000007d40000)]
  0x0000000006f9f000 JavaThread "Finalizer" daemon [_thread_blocked, id=5700, stack(0x0000000007d70000,0x0000000007e70000)]
  0x0000000006f93800 JavaThread "Reference Handler" daemon [_thread_blocked, id=6128, stack(0x0000000007980000,0x0000000007a80000)]
=>0x00000000021cb800 JavaThread "main" [_thread_in_native, id=4872, stack(0x00000000024b0000,0x00000000025b0000)]

Other Threads:
  0x0000000006f8d800 VMThread [stack: 0x0000000007b30000,0x0000000007c30000] [id=5720]
  0x0000000007056000 WatcherThread [stack: 0x00000000084a0000,0x00000000085a0000] [id=3716]

VM state:not at safepoint (normal execution)

VM Mutex/Monitor currently owned by a thread: None

Heap
 PSYoungGen      total 76352K, used 22110K [0x00000007aac00000, 0x00000007b0130000, 0x0000000800000000)
  eden space 65472K, 33% used [0x00000007aac00000,0x00000007ac197b78,0x00000007aebf0000)
  from space 10880K, 0% used [0x00000007af690000,0x00000007af690000,0x00000007b0130000)
  to   space 10880K, 0% used [0x00000007aebf0000,0x00000007aebf0000,0x00000007af690000)
 PSOldGen        total 174592K, used 0K [0x0000000700400000, 0x000000070ae80000, 0x00000007aac00000)
  object space 174592K, 0% used [0x0000000700400000,0x0000000700400000,0x000000070ae80000)
 PSPermGen       total 21248K, used 10085K [0x00000006fb200000, 0x00000006fc6c0000, 0x0000000700400000)
  object space 21248K, 47% used [0x00000006fb200000,0x00000006fbbd95d0,0x00000006fc6c0000)

Code Cache  [0x00000000025b0000, 0x0000000002820000, 0x00000000055b0000)
 total_blobs=534 nmethods=122 adapters=363 free_code_cache=48313Kb largest_free_block=49451008

Dynamic libraries:
0x000000013fb80000 - 0x000000013fbb3000 	C:\Program Files\Java\jre7\bin\javaw.exe
0x00000000779e0000 - 0x0000000077b89000 	C:\Windows\SYSTEM32\ntdll.dll
0x00000000778c0000 - 0x00000000779df000 	C:\Windows\system32\kernel32.dll
0x000007fefe1a0000 - 0x000007fefe20c000 	C:\Windows\system32\KERNELBASE.dll
0x000007feff8d0000 - 0x000007feff9ab000 	C:\Windows\system32\ADVAPI32.dll
0x000007feff660000 - 0x000007feff6ff000 	C:\Windows\system32\msvcrt.dll
0x000007feff2b0000 - 0x000007feff2cf000 	C:\Windows\SYSTEM32\sechost.dll
0x000007feff170000 - 0x000007feff29d000 	C:\Windows\system32\RPCRT4.dll
0x0000000077300000 - 0x00000000773fa000 	C:\Windows\system32\USER32.dll
0x000007feff860000 - 0x000007feff8c7000 	C:\Windows\system32\GDI32.dll
0x000007feff2a0000 - 0x000007feff2ae000 	C:\Windows\system32\LPK.dll
0x000007feff3b0000 - 0x000007feff479000 	C:\Windows\system32\USP10.dll
0x000007fefca20000 - 0x000007fefcc14000 	C:\Windows\WinSxS\amd64_microsoft.windows.common-controls_6595b64144ccf1df_6.0.7601.17514_none_fa396087175ac9ac\COMCTL32.dll
0x000007feffc70000 - 0x000007feffce1000 	C:\Windows\system32\SHLWAPI.dll
0x000007feffbc0000 - 0x000007feffbee000 	C:\Windows\system32\IMM32.DLL
0x000007fefe210000 - 0x000007fefe319000 	C:\Windows\system32\MSCTF.dll
0x0000000074ac0000 - 0x0000000074b91000 	C:\Program Files\Java\jre7\bin\msvcr100.dll
0x00000000690f0000 - 0x00000000697be000 	C:\Program Files\Java\jre7\bin\server\jvm.dll
0x000007fef2140000 - 0x000007fef2149000 	C:\Windows\system32\WSOCK32.dll
0x000007feff120000 - 0x000007feff16d000 	C:\Windows\system32\WS2_32.dll
0x000007feff0b0000 - 0x000007feff0b8000 	C:\Windows\system32\NSI.dll
0x000007fefb550000 - 0x000007fefb58b000 	C:\Windows\system32\WINMM.dll
0x0000000077bb0000 - 0x0000000077bb7000 	C:\Windows\system32\PSAPI.DLL
0x0000000074c70000 - 0x0000000074c7f000 	C:\Program Files\Java\jre7\bin\verify.dll
0x0000000074c40000 - 0x0000000074c68000 	C:\Program Files\Java\jre7\bin\java.dll
0x0000000074c20000 - 0x0000000074c35000 	C:\Program Files\Java\jre7\bin\zip.dll
0x000000006a0a0000 - 0x000000006a233000 	C:\Program Files\Java\jre7\bin\awt.dll
0x000007feff2d0000 - 0x000007feff3a7000 	C:\Windows\system32\OLEAUT32.dll
0x000007feff9b0000 - 0x000007feffbb3000 	C:\Windows\system32\ole32.dll
0x000007fefd0f0000 - 0x000007fefd108000 	C:\Windows\system32\DWMAPI.DLL
0x000007fefc6a0000 - 0x000007fefc6f6000 	C:\Windows\system32\uxtheme.dll
0x0000000180000000 - 0x0000000180326000 	C:\Program Files (x86)\Xfire\xfire_toucan64_45177.xll
0x000007fefbbd0000 - 0x000007fefbbd7000 	C:\Windows\system32\MSIMG32.dll
0x000007fefdd70000 - 0x000007fefdd7f000 	C:\Windows\system32\CRYPTBASE.dll
0x000007fefe320000 - 0x000007feff0a8000 	C:\Windows\system32\SHELL32.dll
0x0000000074970000 - 0x00000000749a4000 	C:\Program Files\Java\jre7\bin\fontmanager.dll
0x0000000074c00000 - 0x0000000074c19000 	C:\Program Files\Java\jre7\bin\net.dll
0x000007fefd6b0000 - 0x000007fefd705000 	C:\Windows\system32\mswsock.dll
0x000007fefd6a0000 - 0x000007fefd6a7000 	C:\Windows\System32\wship6.dll
0x0000000074be0000 - 0x0000000074bf1000 	C:\Program Files\Java\jre7\bin\nio.dll
0x000000006a050000 - 0x000000006a091000 	C:\Program Files\Java\jre7\bin\t2k.dll
0x000007fefd710000 - 0x000007fefd727000 	C:\Windows\system32\CRYPTSP.dll
0x000007fefd410000 - 0x000007fefd457000 	C:\Windows\system32\rsaenh.dll
0x000007fefd190000 - 0x000007fefd1ae000 	C:\Windows\system32\USERENV.dll
0x000007fefde40000 - 0x000007fefde4f000 	C:\Windows\system32\profapi.dll

VM Arguments:
jvm_args: -Dfile.encoding=Cp1252 
java_command: mainGame.SimpleWindowedGame
Launcher Type: SUN_STANDARD

Environment Variables:
PATH=C:\Program Files (x86)\NVIDIA Corporation\PhysX\Common;C:\Program Files\Common Files\Microsoft Shared\Windows Live;C:\Windows\system32;C:\Windows;C:\Windows\System32\Wbem;C:\Windows\System32\WindowsPowerShell\v1.0\;C:\Program Files\Intel\DMIX;C:\Program Files (x86)\Microsoft SQL Server\100\Tools\Binn\;C:\Program Files\Microsoft SQL Server\100\Tools\Binn\;C:\Program Files\Microsoft SQL Server\100\DTS\Binn\
USERNAME=Tyson
OS=Windows_NT
PROCESSOR_IDENTIFIER=Intel64 Family 6 Model 42 Stepping 7, GenuineIntel



---------------  S Y S T E M  ---------------

OS: Windows 7 , 64 bit Build 7601 Service Pack 1

CPU:total 8 (4 cores per cpu, 2 threads per core) family 6 model 42 stepping 7, cmov, cx8, fxsr, mmx, sse, sse2, sse3, ssse3, sse4.1, sse4.2, popcnt, ht

Memory: 4k page, physical 16753464k(12739236k free), swap 33504256k(27096704k free)

vm_info: Java HotSpot(TM) 64-Bit Server VM (21.0-b17) for windows-amd64 JRE (1.7.0-b147), built on Jun 27 2011 02:19:45 by "java_re" with unknown MS VC++:1600

time: Mon Feb 20 14:30:51 2012
elapsed time: 48 seconds

